NNRC/app/build/outputs/logs/manifest-merger-debug-report.txt
-- Merging decision tree log ---
manifest
ADDED from src/main/AndroidManifest.xml:2:1-21:12
	package
		ADDED from src/main/AndroidManifest.xml:3:7-43
		INJECTED from src/main/AndroidManifest.xml
		INJECTED from src/main/AndroidManifest.xml
	android:versionName
		ADDED from src/main/AndroidManifest.xml:5:7-32
		INJECTED from src/main/AndroidManifest.xml
		INJECTED from src/main/AndroidManifest.xml
	android:versionCode
		ADDED from src/main/AndroidManifest.xml:4:7-30
		INJECTED from src/main/AndroidManifest.xml
		INJECTED from src/main/AndroidManifest.xml
	xmlns:android
		ADDED from src/main/AndroidManifest.xml:2:11-69
uses-sdk
ADDED from src/main/AndroidManifest.xml:6:3-41
	android:targetSdkVersion
		INJECTED from src/main/AndroidManifest.xml
		INJECTED from src/main/AndroidManifest.xml
	android:minSdkVersion
		ADDED from src/main/AndroidManifest.xml:6:13-38
		INJECTED from src/main/AndroidManifest.xml
		INJECTED from src/main/AndroidManifest.xml
uses-permission#android.permission.INTERNET
ADDED from src/main/AndroidManifest.xml:7:3-65
	android:name
		ADDED from src/main/AndroidManifest.xml:7:20-62
uses-permission#android.permission.CAMERA
ADDED from src/main/AndroidManifest.xml:8:3-63
	android:name
		ADDED from src/main/AndroidManifest.xml:8:20-60
uses-feature#android.hardware.camera
ADDED from src/main/AndroidManifest.xml:9:3-58
	android:name
		ADDED from src/main/AndroidManifest.xml:9:17-55
uses-feature#android.hardware.camera.autofocus
ADDED from src/main/AndroidManifest.xml:10:3-68
	android:name
		ADDED from src/main/AndroidManifest.xml:10:17-65
application
ADDED from src/main/AndroidManifest.xml:12:3-20:17
	android:label
		ADDED from src/main/AndroidManifest.xml:12:16-48
	android:icon
		ADDED from src/main/AndroidManifest.xml:12:49-78
activity#org.davidsingleton.nnrccar.NNRCCarActivity
ADDED from src/main/AndroidManifest.xml:13:5-19:16
	android:label
		ADDED from src/main/AndroidManifest.xml:14:15-38
	android:name
		ADDED from src/main/AndroidManifest.xml:13:15-45
intent-filter#android.intent.action.MAIN+android.intent.category.LAUNCHER
ADDED from src/main/AndroidManifest.xml:15:7-18:23
action#android.intent.action.MAIN
ADDED from src/main/AndroidManifest.xml:16:9-61
	android:name
		ADDED from src/main/AndroidManifest.xml:16:17-58
category#android.intent.category.LAUNCHER
ADDED from src/main/AndroidManifest.xml:17:9-69
	android:name
		ADDED from src/main/AndroidManifest.xml:17:19-66